\BOOKMARK [1][-]{section.1}{Introduksjon}{}% 1
\BOOKMARK [1][-]{section.2}{Teknisk bakgrunn}{}% 2
\BOOKMARK [1][-]{section.3}{Design}{}% 3
\BOOKMARK [2][-]{subsection.3.1}{Game}{section.3}% 4
\BOOKMARK [2][-]{subsection.3.2}{Player1 og Player2}{section.3}% 5
\BOOKMARK [2][-]{subsection.3.3}{Bullets}{section.3}% 6
\BOOKMARK [2][-]{subsection.3.4}{Walls}{section.3}% 7
\BOOKMARK [2][-]{subsection.3.5}{Fuel}{section.3}% 8
\BOOKMARK [1][-]{section.4}{Implementasjon}{}% 9
\BOOKMARK [1][-]{section.5}{Diskusjon}{}% 10
\BOOKMARK [1][-]{section.6}{Evaluering}{}% 11
\BOOKMARK [1][-]{section.7}{Konklusjon}{}% 12
\BOOKMARK [1][-]{section.8}{Part II}{}% 13
\BOOKMARK [2][-]{subsection.8.1}{1}{section.8}% 14
\BOOKMARK [2][-]{subsection.8.2}{2}{section.8}% 15
\BOOKMARK [2][-]{subsection.8.3}{3}{section.8}% 16
\BOOKMARK [2][-]{subsection.8.4}{4}{section.8}% 17
\BOOKMARK [2][-]{subsection.8.5}{5}{section.8}% 18
\BOOKMARK [1][-]{section.9}{Appendix}{}% 19
\BOOKMARK [1][-]{section.10}{Referanser}{}% 20
