\BOOKMARK [1][-]{section.1}{Part A}{}% 1
\BOOKMARK [2][-]{subsection.1.1}{1}{section.1}% 2
\BOOKMARK [2][-]{subsection.1.2}{2}{section.1}% 3
\BOOKMARK [2][-]{subsection.1.3}{3}{section.1}% 4
\BOOKMARK [2][-]{subsection.1.4}{4}{section.1}% 5
\BOOKMARK [2][-]{subsection.1.5}{5}{section.1}% 6
\BOOKMARK [1][-]{section.2}{Part B}{}% 7
\BOOKMARK [2][-]{subsection.2.1}{1}{section.2}% 8
\BOOKMARK [2][-]{subsection.2.2}{2}{section.2}% 9
\BOOKMARK [2][-]{subsection.2.3}{3}{section.2}% 10
\BOOKMARK [2][-]{subsection.2.4}{4}{section.2}% 11
\BOOKMARK [2][-]{subsection.2.5}{5}{section.2}% 12
\BOOKMARK [1][-]{section.3}{Part C}{}% 13
\BOOKMARK [2][-]{subsection.3.1}{1}{section.3}% 14
\BOOKMARK [2][-]{subsection.3.2}{2}{section.3}% 15
\BOOKMARK [2][-]{subsection.3.3}{3}{section.3}% 16
\BOOKMARK [2][-]{subsection.3.4}{4}{section.3}% 17
\BOOKMARK [2][-]{subsection.3.5}{5}{section.3}% 18
\BOOKMARK [2][-]{subsection.3.6}{6}{section.3}% 19
\BOOKMARK [2][-]{subsection.3.7}{7}{section.3}% 20
\BOOKMARK [1][-]{section.4}{Part D}{}% 21
\BOOKMARK [2][-]{subsection.4.1}{1}{section.4}% 22
\BOOKMARK [2][-]{subsection.4.2}{2}{section.4}% 23
\BOOKMARK [2][-]{subsection.4.3}{3}{section.4}% 24
\BOOKMARK [1][-]{section.5}{Appendix}{}% 25
\BOOKMARK [1][-]{section.6}{References}{}% 26
