This is pdfTeX, Version 3.14159265-2.6-1.40.20 (MiKTeX 2.9.7000 64-bit) (preloaded format=pdflatex 2019.4.13)  11 MAY 2019 09:43
entering extended mode
**c:/Users/MartinR/Documents/GitHub/UniversityPhysics/Latex/Oppgavemal_new_english/main.tex
(c:/Users/MartinR/Documents/GitHub/UniversityPhysics/Latex/Oppgavemal_new_english/main.tex
LaTeX2e <2018-12-01>
\@input{preamble.aux}
\openout2 = `preamble.aux'.

(c:/Users\MartinR\Documents\GitHub\UniversityPhysics\Latex\Oppgavemal_new_english\preamble.tex ("C:\Users\MartinR\AppData\Local\Programs\MiKTeX 2.9\tex/latex/base\article.cls"
Document Class: article 2018/09/03 v1.4i Standard LaTeX document class
("C:\Users\MartinR\AppData\Local\Programs\MiKTeX 2.9\tex/latex/base\size10.clo"
File: size10.clo 2018/09/03 v1.4i Standard LaTeX file (size option)
)
\c@part=\count80
\c@section=\count81
\c@subsection=\count82
\c@subsubsection=\count83
\c@paragraph=\count84
\c@subparagraph=\count85
\c@figure=\count86
\c@table=\count87
\abovecaptionskip=\skip41
\belowcaptionskip=\skip42
\bibindent=\dimen102
) ("C:\Users\MartinR\AppData\Local\Programs\MiKTeX 2.9\tex/latex/amsmath\amsmath.sty"
Package: amsmath 2018/12/01 v2.17b AMS math features
\@mathmargin=\skip43

For additional information on amsmath, use the `?' option.
("C:\Users\MartinR\AppData\Local\Programs\MiKTeX 2.9\tex/latex/amsmath\amstext.sty"
Package: amstext 2000/06/29 v2.01 AMS text
 ("C:\Users\MartinR\AppData\Local\Programs\MiKTeX 2.9\tex/latex/amsmath\amsgen.sty"
File: amsgen.sty 1999/11/30 v2.0 generic functions
\@emptytoks=\toks14
\ex@=\dimen103
)) ("C:\Users\MartinR\AppData\Local\Programs\MiKTeX 2.9\tex/latex/amsmath\amsbsy.sty"
Package: amsbsy 1999/11/29 v1.2d Bold Symbols
\pmbraise@=\dimen104
) ("C:\Users\MartinR\AppData\Local\Programs\MiKTeX 2.9\tex/latex/amsmath\amsopn.sty"
Package: amsopn 2016/03/08 v2.02 operator names
)
\inf@bad=\count88
LaTeX Info: Redefining \frac on input line 223.
\uproot@=\count89
\leftroot@=\count90
LaTeX Info: Redefining \overline on input line 385.
\classnum@=\count91
\DOTSCASE@=\count92
LaTeX Info: Redefining \ldots on input line 482.
LaTeX Info: Redefining \dots on input line 485.
LaTeX Info: Redefining \cdots on input line 606.
\Mathstrutbox@=\box27
\strutbox@=\box28
\big@size=\dimen105
LaTeX Font Info:    Redeclaring font encoding OML on input line 729.
LaTeX Font Info:    Redeclaring font encoding OMS on input line 730.
\macc@depth=\count93
\c@MaxMatrixCols=\count94
\dotsspace@=\muskip10
\c@parentequation=\count95
\dspbrk@lvl=\count96
\tag@help=\toks15
\row@=\count97
\column@=\count98
\maxfields@=\count99
\andhelp@=\toks16
\eqnshift@=\dimen106
\alignsep@=\dimen107
\tagshift@=\dimen108
\tagwidth@=\dimen109
\totwidth@=\dimen110
\lineht@=\dimen111
\@envbody=\toks17
\multlinegap=\skip44
\multlinetaggap=\skip45
\mathdisplay@stack=\toks18
LaTeX Info: Redefining \[ on input line 2844.
LaTeX Info: Redefining \] on input line 2845.
) ("C:\Users\MartinR\AppData\Local\Programs\MiKTeX 2.9\tex/latex/amscls\amsthm.sty"
Package: amsthm 2017/10/31 v2.20.4
\thm@style=\toks19
\thm@bodyfont=\toks20
\thm@headfont=\toks21
\thm@notefont=\toks22
\thm@headpunct=\toks23
\thm@preskip=\skip46
\thm@postskip=\skip47
\thm@headsep=\skip48
\dth@everypar=\toks24
) ("C:\Users\MartinR\AppData\Local\Programs\MiKTeX 2.9\tex/latex/amsfonts\amssymb.sty"
Package: amssymb 2013/01/14 v3.01 AMS font symbols
 ("C:\Users\MartinR\AppData\Local\Programs\MiKTeX 2.9\tex/latex/amsfonts\amsfonts.sty"
Package: amsfonts 2013/01/14 v3.01 Basic AMSFonts support
\symAMSa=\mathgroup4
\symAMSb=\mathgroup5
LaTeX Font Info:    Overwriting math alphabet `\mathfrak' in version `bold'
(Font)                  U/euf/m/n --> U/euf/b/n on input line 106.
)) ("C:\Users\MartinR\AppData\Local\Programs\MiKTeX 2.9\tex/latex/float\float.sty"
Package: float 2001/11/08 v1.3d Float enhancements (AL)
\c@float@type=\count100
\float@exts=\toks25
\float@box=\box29
\@float@everytoks=\toks26
\@floatcapt=\box30
) ("C:\Users\MartinR\AppData\Local\Programs\MiKTeX 2.9\tex/latex/xcolor\xcolor.sty"
Package: xcolor 2016/05/11 v2.12 LaTeX color extensions (UK)
 ("C:\Users\MartinR\AppData\Local\Programs\MiKTeX 2.9\tex/latex/graphics-cfg\color.cfg"
File: color.cfg 2016/01/02 v1.6 sample color configuration
)
Package xcolor Info: Driver file: pdftex.def on input line 225.
 ("C:\Users\MartinR\AppData\Local\Programs\MiKTeX 2.9\tex/latex/graphics-def\pdftex.def"
File: pdftex.def 2018/01/08 v1.0l Graphics/color driver for pdftex
) ("C:\Users\MartinR\AppData\Local\Programs\MiKTeX 2.9\tex/latex/colortbl\colortbl.sty"
Package: colortbl 2018/12/12 v1.0d Color table columns (DPC)
 ("C:\Users\MartinR\AppData\Local\Programs\MiKTeX 2.9\tex/latex/tools\array.sty"
Package: array 2018/12/30 v2.4k Tabular extension package (FMi)
\col@sep=\dimen112
\ar@mcellbox=\box31
\extrarowheight=\dimen113
\NC@list=\toks27
\extratabsurround=\skip49
\backup@length=\skip50
\ar@cellbox=\box32
)
\everycr=\toks28
\minrowclearance=\skip51
)
\rownum=\count101
Package xcolor Info: Model `cmy' substituted by `cmy0' on input line 1348.
Package xcolor Info: Model `hsb' substituted by `rgb' on input line 1352.
Package xcolor Info: Model `RGB' extended on input line 1364.
Package xcolor Info: Model `HTML' substituted by `rgb' on input line 1366.
Package xcolor Info: Model `Hsb' substituted by `hsb' on input line 1367.
Package xcolor Info: Model `tHsb' substituted by `hsb' on input line 1368.
Package xcolor Info: Model `HSB' substituted by `hsb' on input line 1369.
Package xcolor Info: Model `Gray' substituted by `gray' on input line 1370.
Package xcolor Info: Model `wave' substituted by `hsb' on input line 1371.
) ("C:\Users\MartinR\AppData\Local\Programs\MiKTeX 2.9\tex/latex/graphics\graphicx.sty"
Package: graphicx 2017/06/01 v1.1a Enhanced LaTeX Graphics (DPC,SPQR)
 ("C:\Users\MartinR\AppData\Local\Programs\MiKTeX 2.9\tex/latex/graphics\keyval.sty"
Package: keyval 2014/10/28 v1.15 key=value parser (DPC)
\KV@toks@=\toks29
) ("C:\Users\MartinR\AppData\Local\Programs\MiKTeX 2.9\tex/latex/graphics\graphics.sty"
Package: graphics 2017/06/25 v1.2c Standard LaTeX Graphics (DPC,SPQR)
 ("C:\Users\MartinR\AppData\Local\Programs\MiKTeX 2.9\tex/latex/graphics\trig.sty"
Package: trig 2016/01/03 v1.10 sin cos tan (DPC)
) ("C:\Users\MartinR\AppData\Local\Programs\MiKTeX 2.9\tex/latex/graphics-cfg\graphics.cfg"
File: graphics.cfg 2016/06/04 v1.11 sample graphics configuration
)
Package graphics Info: Driver file: pdftex.def on input line 99.
)
\Gin@req@height=\dimen114
\Gin@req@width=\dimen115
) ("C:\Users\MartinR\AppData\Local\Programs\MiKTeX 2.9\tex/latex/listings\listings.sty"
\lst@mode=\count102
\lst@gtempboxa=\box33
\lst@token=\toks30
\lst@length=\count103
\lst@currlwidth=\dimen116
\lst@column=\count104
\lst@pos=\count105
\lst@lostspace=\dimen117
\lst@width=\dimen118
\lst@newlines=\count106
\lst@lineno=\count107
\lst@maxwidth=\dimen119
 ("C:\Users\MartinR\AppData\Local\Programs\MiKTeX 2.9\tex/latex/listings\lstmisc.sty"
File: lstmisc.sty 2019/02/27 1.8b (Carsten Heinz)
\c@lstnumber=\count108
\lst@skipnumbers=\count109
\lst@framebox=\box34
) ("C:\Users\MartinR\AppData\Local\Programs\MiKTeX 2.9\tex/latex/listings\listings.cfg"
File: listings.cfg 2019/02/27 1.8b listings configuration
))
Package: listings 2019/02/27 1.8b (Carsten Heinz)
 ("C:\Users\MartinR\AppData\Local\Programs\MiKTeX 2.9\tex/latex/natbib\natbib.sty"
Package: natbib 2010/09/13 8.31b (PWD, AO)
\bibhang=\skip52
\bibsep=\skip53
LaTeX Info: Redefining \cite on input line 694.
\c@NAT@ctr=\count110
) ("C:\Users\MartinR\AppData\Local\Programs\MiKTeX 2.9\tex/latex/base\inputenc.sty"
Package: inputenc 2018/08/11 v1.3c Input encoding file
\inpenc@prehook=\toks31
\inpenc@posthook=\toks32
) ("C:\Users\MartinR\AppData\Local\Programs\MiKTeX 2.9\tex/latex/imakeidx\imakeidx.sty"
Package: imakeidx 2016/10/15 v1.3e Package for typesetting indices in a synchronous mode
 ("C:\Users\MartinR\AppData\Local\Programs\MiKTeX 2.9\tex/latex/xkeyval\xkeyval.sty"
Package: xkeyval 2014/12/03 v2.7a package option processing (HA)
 ("C:\Users\MartinR\AppData\Local\Programs\MiKTeX 2.9\tex/generic/xkeyval\xkeyval.tex" ("C:\Users\MartinR\AppData\Local\Programs\MiKTeX 2.9\tex/generic/xkeyval\xkvutils.tex"
\XKV@toks=\toks33
\XKV@tempa@toks=\toks34
)
\XKV@depth=\count111
File: xkeyval.tex 2014/12/03 v2.7a key=value parser (HA)
)) ("C:\Users\MartinR\AppData\Local\Programs\MiKTeX 2.9\tex/generic/ifxetex\ifxetex.sty"
Package: ifxetex 2010/09/12 v0.6 Provides ifxetex conditional
) ("C:\Users\MartinR\AppData\Local\Programs\MiKTeX 2.9\tex/generic/oberdiek\ifluatex.sty"
Package: ifluatex 2016/05/16 v1.4 Provides the ifluatex switch (HO)
Package ifluatex Info: LuaTeX not detected.
) ("C:\Users\MartinR\AppData\Local\Programs\MiKTeX 2.9\tex/latex/tools\multicol.sty"
Package: multicol 2018/12/27 v1.8v multicolumn formatting (FMi)
\c@tracingmulticols=\count112
\mult@box=\box35
\multicol@leftmargin=\dimen120
\c@unbalance=\count113
\c@collectmore=\count114
\doublecol@number=\count115
\multicoltolerance=\count116
\multicolpretolerance=\count117
\full@width=\dimen121
\page@free=\dimen122
\premulticols=\dimen123
\postmulticols=\dimen124
\multicolsep=\skip54
\multicolbaselineskip=\skip55
\partial@page=\box36
\last@line=\box37
\maxbalancingoverflow=\dimen125
\mult@rightbox=\box38
\mult@grightbox=\box39
\mult@gfirstbox=\box40
\mult@firstbox=\box41
\@tempa=\box42
\@tempa=\box43
\@tempa=\box44
\@tempa=\box45
\@tempa=\box46
\@tempa=\box47
\@tempa=\box48
\@tempa=\box49
\@tempa=\box50
\@tempa=\box51
\@tempa=\box52
\@tempa=\box53
\@tempa=\box54
\@tempa=\box55
\@tempa=\box56
\@tempa=\box57
\@tempa=\box58
\c@columnbadness=\count118
\c@finalcolumnbadness=\count119
\last@try=\dimen126
\multicolovershoot=\dimen127
\multicolundershoot=\dimen128
\mult@nat@firstbox=\box59
\colbreak@box=\box60
\mc@col@check@num=\count120
)) ("C:\Users\MartinR\AppData\Local\Programs\MiKTeX 2.9\tex/latex/geometry\geometry.sty"
Package: geometry 2018/04/16 v5.8 Page Geometry
 ("C:\Users\MartinR\AppData\Local\Programs\MiKTeX 2.9\tex/generic/oberdiek\ifpdf.sty"
Package: ifpdf 2018/09/07 v3.3 Provides the ifpdf switch
) ("C:\Users\MartinR\AppData\Local\Programs\MiKTeX 2.9\tex/generic/oberdiek\ifvtex.sty"
Package: ifvtex 2016/05/16 v1.6 Detect VTeX and its facilities (HO)
Package ifvtex Info: VTeX not detected.
)
\Gm@cnth=\count121
\Gm@cntv=\count122
\c@Gm@tempcnt=\count123
\Gm@bindingoffset=\dimen129
\Gm@wd@mp=\dimen130
\Gm@odd@mp=\dimen131
\Gm@even@mp=\dimen132
\Gm@layoutwidth=\dimen133
\Gm@layoutheight=\dimen134
\Gm@layouthoffset=\dimen135
\Gm@layoutvoffset=\dimen136
\Gm@dimlist=\toks35
 ("C:\Users\MartinR\AppData\Local\Programs\MiKTeX 2.9\tex/latex/geometry\geometry.cfg")) ("C:\Users\MartinR\AppData\Local\Programs\MiKTeX 2.9\tex/latex/preprint\fullpage.sty"
Package: fullpage 1999/02/23 1.1 (PWD)
\FP@margin=\skip56
) ("C:\Users\MartinR\AppData\Local\Programs\MiKTeX 2.9\tex/latex/fancyhdr\fancyhdr.sty"
Package: fancyhdr 2019/01/31 v3.10 Extensive control of page headers and footers
\f@nch@headwidth=\skip57
\f@nch@O@elh=\skip58
\f@nch@O@erh=\skip59
\f@nch@O@olh=\skip60
\f@nch@O@orh=\skip61
\f@nch@O@elf=\skip62
\f@nch@O@erf=\skip63
\f@nch@O@olf=\skip64
\f@nch@O@orf=\skip65
) ("C:\Users\MartinR\AppData\Local\Programs\MiKTeX 2.9\tex/latex/lastpage\lastpage.sty"
Package: lastpage 2015/03/29 v1.2m Refers to last page's name (HMM; JPG)
) ("C:\Users\MartinR\AppData\Local\Programs\MiKTeX 2.9\tex/latex/wrapfig\wrapfig.sty"
\wrapoverhang=\dimen137
\WF@size=\dimen138
\c@WF@wrappedlines=\count124
\WF@box=\box61
\WF@everypar=\toks36
Package: wrapfig 2003/01/31  v 3.6
) ("C:\Users\MartinR\AppData\Local\Programs\MiKTeX 2.9\tex/latex/caption\subcaption.sty"
Package: subcaption 2018/05/01 v1.1-162 Sub-captions (AR)
 ("C:\Users\MartinR\AppData\Local\Programs\MiKTeX 2.9\tex/latex/caption\caption.sty"
Package: caption 2018/10/06 v3.3-154 Customizing captions (AR)
 ("C:\Users\MartinR\AppData\Local\Programs\MiKTeX 2.9\tex/latex/caption\caption3.sty"
Package: caption3 2018/09/12 v1.8c caption3 kernel (AR)
Package caption3 Info: TeX engine: e-TeX on input line 64.
\captionmargin=\dimen139
\captionmargin@=\dimen140
\captionwidth=\dimen141
\caption@tempdima=\dimen142
\caption@indent=\dimen143
\caption@parindent=\dimen144
\caption@hangindent=\dimen145
)
\c@caption@flags=\count125
\c@ContinuedFloat=\count126
Package caption Info: float package is loaded.
Package caption Info: listings package is loaded.
Package caption Info: wrapfig package is loaded.
)
\c@subfigure=\count127
\c@subtable=\count128
) ("C:\Users\MartinR\AppData\Local\Programs\MiKTeX 2.9\tex/latex/setspace\setspace.sty"
Package: setspace 2011/12/19 v6.7a set line spacing
) ("C:\Users\MartinR\AppData\Local\Programs\MiKTeX 2.9\tex/latex/booktabs\booktabs.sty"
Package: booktabs 2005/04/14 v1.61803 publication quality tables
\heavyrulewidth=\dimen146
\lightrulewidth=\dimen147
\cmidrulewidth=\dimen148
\belowrulesep=\dimen149
\belowbottomsep=\dimen150
\aboverulesep=\dimen151
\abovetopsep=\dimen152
\cmidrulesep=\dimen153
\cmidrulekern=\dimen154
\defaultaddspace=\dimen155
\@cmidla=\count129
\@cmidlb=\count130
\@aboverulesep=\dimen156
\@belowrulesep=\dimen157
\@thisruleclass=\count131
\@lastruleclass=\count132
\@thisrulewidth=\dimen158
) ("C:\Users\MartinR\AppData\Local\Programs\MiKTeX 2.9\tex/latex/base\fontenc.sty"
Package: fontenc 2018/08/11 v2.0j Standard LaTeX package
 ("C:\Users\MartinR\AppData\Local\Programs\MiKTeX 2.9\tex/latex/base\t1enc.def"
File: t1enc.def 2018/08/11 v2.0j Standard LaTeX file
LaTeX Font Info:    Redeclaring font encoding T1 on input line 48.
)) ("C:\Users\MartinR\AppData\Local\Programs\MiKTeX 2.9\tex/latex/microtype\microtype.sty"
Package: microtype 2019/02/28 v2.7b Micro-typographical refinements (RS)
\MT@toks=\toks37
\MT@count=\count133
LaTeX Info: Redefining \textls on input line 790.
\MT@outer@kern=\dimen159
LaTeX Info: Redefining \textmicrotypecontext on input line 1336.
\MT@listname@count=\count134
 ("C:\Users\MartinR\AppData\Local\Programs\MiKTeX 2.9\tex/latex/microtype\microtype-pdftex.def"
File: microtype-pdftex.def 2019/02/28 v2.7b Definitions specific to pdftex (RS)
LaTeX Info: Redefining \lsstyle on input line 914.
LaTeX Info: Redefining \lslig on input line 914.
\MT@outer@space=\skip66
)
Package microtype Info: Loading configuration file microtype.cfg.
 ("C:\Users\MartinR\AppData\Local\Programs\MiKTeX 2.9\tex/latex/microtype\microtype.cfg"
File: microtype.cfg 2019/02/28 v2.7b microtype main configuration file (RS)
)) ("C:\Users\MartinR\AppData\Local\Programs\MiKTeX 2.9\tex/latex/url\url.sty"
\Urlmuskip=\muskip11
Package: url 2013/09/16  ver 3.4  Verb mode for urls, etc.
) ("C:\Users\MartinR\AppData\Local\Programs\MiKTeX 2.9\tex/latex/lipsum\lipsum.sty" ("C:\Users\MartinR\AppData\Local\Programs\MiKTeX 2.9\tex/latex/l3kernel\expl3.sty"
Package: expl3 2019-04-06 L3 programming layer (loader) 
 ("C:\Users\MartinR\AppData\Local\Programs\MiKTeX 2.9\tex/latex/l3kernel\expl3-code.tex"
Package: expl3 2019-04-06 L3 programming layer (code)
\c_max_int=\count135
\l_tmpa_int=\count136
\l_tmpb_int=\count137
\g_tmpa_int=\count138
\g_tmpb_int=\count139
\g__kernel_prg_map_int=\count140
\c__ior_term_ior=\count141
\c_log_iow=\count142
\l_iow_line_count_int=\count143
\l__iow_line_target_int=\count144
\l__iow_one_indent_int=\count145
\l__iow_indent_int=\count146
\c_zero_dim=\dimen160
\c_max_dim=\dimen161
\l_tmpa_dim=\dimen162
\l_tmpb_dim=\dimen163
\g_tmpa_dim=\dimen164
\g_tmpb_dim=\dimen165
\c_zero_skip=\skip67
\c_max_skip=\skip68
\l_tmpa_skip=\skip69
\l_tmpb_skip=\skip70
\g_tmpa_skip=\skip71
\g_tmpb_skip=\skip72
\c_zero_muskip=\muskip12
\c_max_muskip=\muskip13
\l_tmpa_muskip=\muskip14
\l_tmpb_muskip=\muskip15
\g_tmpa_muskip=\muskip16
\g_tmpb_muskip=\muskip17
\l_keys_choice_int=\count147
\l__intarray_loop_int=\count148
\c__intarray_sp_dim=\dimen166
\g__intarray_font_int=\count149
\c__fp_leading_shift_int=\count150
\c__fp_middle_shift_int=\count151
\c__fp_trailing_shift_int=\count152
\c__fp_big_leading_shift_int=\count153
\c__fp_big_middle_shift_int=\count154
\c__fp_big_trailing_shift_int=\count155
\c__fp_Bigg_leading_shift_int=\count156
\c__fp_Bigg_middle_shift_int=\count157
\c__fp_Bigg_trailing_shift_int=\count158
\c__kernel_randint_max_int=\count159
\g__fp_array_int=\count160
\l__fp_array_loop_int=\count161
\l__sort_length_int=\count162
\l__sort_min_int=\count163
\l__sort_top_int=\count164
\l__sort_max_int=\count165
\l__sort_true_max_int=\count166
\l__sort_block_int=\count167
\l__sort_begin_int=\count168
\l__sort_end_int=\count169
\l__sort_A_int=\count170
\l__sort_B_int=\count171
\l__sort_C_int=\count172
\l__tl_analysis_normal_int=\count173
\l__tl_analysis_index_int=\count174
\l__tl_analysis_nesting_int=\count175
\l__tl_analysis_type_int=\count176
\l__regex_internal_a_int=\count177
\l__regex_internal_b_int=\count178
\l__regex_internal_c_int=\count179
\l__regex_balance_int=\count180
\l__regex_group_level_int=\count181
\l__regex_mode_int=\count182
\c__regex_cs_in_class_mode_int=\count183
\c__regex_cs_mode_int=\count184
\l__regex_catcodes_int=\count185
\l__regex_default_catcodes_int=\count186
\c__regex_catcode_D_int=\count187
\c__regex_catcode_S_int=\count188
\c__regex_catcode_L_int=\count189
\c__regex_catcode_O_int=\count190
\c__regex_catcode_A_int=\count191
\c__regex_all_catcodes_int=\count192
\l__regex_show_lines_int=\count193
\l__regex_min_state_int=\count194
\l__regex_max_state_int=\count195
\l__regex_left_state_int=\count196
\l__regex_right_state_int=\count197
\l__regex_capturing_group_int=\count198
\l__regex_min_pos_int=\count199
\l__regex_max_pos_int=\count266
\l__regex_curr_pos_int=\count267
\l__regex_start_pos_int=\count268
\l__regex_success_pos_int=\count269
\l__regex_curr_char_int=\count270
\l__regex_curr_catcode_int=\count271
\l__regex_last_char_int=\count272
\l__regex_case_changed_char_int=\count273
\l__regex_curr_state_int=\count274
\l__regex_step_int=\count275
\l__regex_min_active_int=\count276
\l__regex_max_active_int=\count277
\l__regex_replacement_csnames_int=\count278
\l__regex_match_count_int=\count279
\l__regex_min_submatch_int=\count280
\l__regex_submatch_int=\count281
\l__regex_zeroth_submatch_int=\count282
\g__regex_trace_regex_int=\count283
\c_empty_box=\box62
\l_tmpa_box=\box63
\l_tmpb_box=\box64
\g_tmpa_box=\box65
\g_tmpb_box=\box66
\l__box_top_dim=\dimen167
\l__box_bottom_dim=\dimen168
\l__box_left_dim=\dimen169
\l__box_right_dim=\dimen170
\l__box_top_new_dim=\dimen171
\l__box_bottom_new_dim=\dimen172
\l__box_left_new_dim=\dimen173
\l__box_right_new_dim=\dimen174
\l__box_internal_box=\box67
\l__coffin_internal_box=\box68
\l__coffin_internal_dim=\dimen175
\l__coffin_offset_x_dim=\dimen176
\l__coffin_offset_y_dim=\dimen177
\l__coffin_x_dim=\dimen178
\l__coffin_y_dim=\dimen179
\l__coffin_x_prime_dim=\dimen180
\l__coffin_y_prime_dim=\dimen181
\c_empty_coffin=\box69
\l__coffin_aligned_coffin=\box70
\l__coffin_aligned_internal_coffin=\box71
\l_tmpa_coffin=\box72
\l_tmpb_coffin=\box73
\g_tmpa_coffin=\box74
\g_tmpb_coffin=\box75
\l__coffin_bounding_shift_dim=\dimen182
\l__coffin_left_corner_dim=\dimen183
\l__coffin_right_corner_dim=\dimen184
\l__coffin_bottom_corner_dim=\dimen185
\l__coffin_top_corner_dim=\dimen186
\l__coffin_scaled_total_height_dim=\dimen187
\l__coffin_scaled_width_dim=\dimen188
\c__coffin_empty_coffin=\box76
\l__coffin_display_coffin=\box77
\l__coffin_display_coord_coffin=\box78
\l__coffin_display_pole_coffin=\box79
\l__coffin_display_offset_dim=\dimen189
\l__coffin_display_x_dim=\dimen190
\l__coffin_display_y_dim=\dimen191
\g__file_internal_ior=\read1
\l__seq_internal_a_int=\count284
\l__seq_internal_b_int=\count285
\c__deprecation_minus_one=\count286
) ("C:\Users\MartinR\AppData\Local\Programs\MiKTeX 2.9\tex/latex/l3kernel\l3pdfmode.def"
File: l3pdfmode.def 2019-04-06 v L3 Experimental driver: PDF mode
\l__driver_color_stack_int=\count287
)) ("C:\Users\MartinR\AppData\Local\Programs\MiKTeX 2.9\tex/latex/l3packages/xparse\xparse.sty"
Package: xparse 2019-03-05 L3 Experimental document command parser
\l__xparse_current_arg_int=\count288
\g__xparse_grabber_int=\count289
\l__xparse_m_args_int=\count290
\l__xparse_v_nesting_int=\count291
)
Package: lipsum 2019/01/02 v2.2 150 paragraphs of Lorem Ipsum dummy text
 ("C:\Users\MartinR\AppData\Local\Programs\MiKTeX 2.9\tex/latex/lipsum\lipsum.ltd.tex"
File: lipsum.ltd.tex 2019/01/02 v2.2 The Lorem ipsum dummy text
)) ("C:\Users\MartinR\AppData\Local\Programs\MiKTeX 2.9\tex/latex/tex-gyre\tgbonum.sty"
Package: tgbonum 2009/09/27 v1.2 TeX Gyre Bonum as default roman family
 ("C:\Users\MartinR\AppData\Local\Programs\MiKTeX 2.9\tex/latex/oberdiek\kvoptions.sty"
Package: kvoptions 2016/05/16 v3.12 Key value format for package options (HO)
 ("C:\Users\MartinR\AppData\Local\Programs\MiKTeX 2.9\tex/generic/oberdiek\ltxcmds.sty"
Package: ltxcmds 2016/05/16 v1.23 LaTeX kernel commands for general use (HO)
) ("C:\Users\MartinR\AppData\Local\Programs\MiKTeX 2.9\tex/generic/oberdiek\kvsetkeys.sty"
Package: kvsetkeys 2016/05/16 v1.17 Key value parser (HO)
 ("C:\Users\MartinR\AppData\Local\Programs\MiKTeX 2.9\tex/generic/oberdiek\infwarerr.sty"
Package: infwarerr 2016/05/16 v1.4 Providing info/warning/error messages (HO)
) ("C:\Users\MartinR\AppData\Local\Programs\MiKTeX 2.9\tex/generic/oberdiek\etexcmds.sty"
Package: etexcmds 2016/05/16 v1.6 Avoid name clashes with e-TeX commands (HO)
)))) ("C:\Users\MartinR\AppData\Local\Programs\MiKTeX 2.9\tex/latex/hyperref\hyperref.sty"
Package: hyperref 2018/11/30 v6.88e Hypertext links for LaTeX
 ("C:\Users\MartinR\AppData\Local\Programs\MiKTeX 2.9\tex/generic/oberdiek\hobsub-hyperref.sty"
Package: hobsub-hyperref 2016/05/16 v1.14 Bundle oberdiek, subset hyperref (HO)
 ("C:\Users\MartinR\AppData\Local\Programs\MiKTeX 2.9\tex/generic/oberdiek\hobsub-generic.sty"
Package: hobsub-generic 2016/05/16 v1.14 Bundle oberdiek, subset generic (HO)
Package: hobsub 2016/05/16 v1.14 Construct package bundles (HO)
Package hobsub Info: Skipping package `infwarerr' (already loaded).
Package hobsub Info: Skipping package `ltxcmds' (already loaded).
Package hobsub Info: Skipping package `ifluatex' (already loaded).
Package hobsub Info: Skipping package `ifvtex' (already loaded).
Package: intcalc 2016/05/16 v1.2 Expandable calculations with integers (HO)
Package hobsub Info: Skipping package `ifpdf' (already loaded).
Package hobsub Info: Skipping package `etexcmds' (already loaded).
Package hobsub Info: Skipping package `kvsetkeys' (already loaded).
Package: kvdefinekeys 2016/05/16 v1.4 Define keys (HO)
Package: pdftexcmds 2018/09/10 v0.29 Utility functions of pdfTeX for LuaTeX (HO)
Package pdftexcmds Info: LuaTeX not detected.
Package pdftexcmds Info: \pdf@primitive is available.
Package pdftexcmds Info: \pdf@ifprimitive is available.
Package pdftexcmds Info: \pdfdraftmode found.
Package: pdfescape 2016/05/16 v1.14 Implements pdfTeX's escape features (HO)
Package: bigintcalc 2016/05/16 v1.4 Expandable calculations on big integers (HO)
Package: bitset 2016/05/16 v1.2 Handle bit-vector datatype (HO)
Package: uniquecounter 2016/05/16 v1.3 Provide unlimited unique counter (HO)
)
Package hobsub Info: Skipping package `hobsub' (already loaded).
Package: letltxmacro 2016/05/16 v1.5 Let assignment for LaTeX macros (HO)
Package: hopatch 2016/05/16 v1.3 Wrapper for package hooks (HO)
Package: xcolor-patch 2016/05/16 xcolor patch
Package: atveryend 2016/05/16 v1.9 Hooks at the very end of document (HO)
Package atveryend Info: \enddocument detected (standard20110627).
Package: atbegshi 2016/06/09 v1.18 At begin shipout hook (HO)
Package: refcount 2016/05/16 v3.5 Data extraction from label references (HO)
Package: hycolor 2016/05/16 v1.8 Color options for hyperref/bookmark (HO)
) ("C:\Users\MartinR\AppData\Local\Programs\MiKTeX 2.9\tex/latex/oberdiek\auxhook.sty"
Package: auxhook 2016/05/16 v1.4 Hooks for auxiliary files (HO)
)
\@linkdim=\dimen192
\Hy@linkcounter=\count292
\Hy@pagecounter=\count293
 ("C:\Users\MartinR\AppData\Local\Programs\MiKTeX 2.9\tex/latex/hyperref\pd1enc.def"
File: pd1enc.def 2018/11/30 v6.88e Hyperref: PDFDocEncoding definition (HO)
Now handling font encoding PD1 ...
... no UTF-8 mapping file for font encoding PD1
)
\Hy@SavedSpaceFactor=\count294
 ("C:\Users\MartinR\AppData\Local\Programs\MiKTeX 2.9\tex/latex/00miktex\hyperref.cfg"
File: hyperref.cfg 2002/06/06 v1.2 hyperref configuration of TeXLive
)
Package hyperref Info: Hyper figures OFF on input line 4519.
Package hyperref Info: Link nesting OFF on input line 4524.
Package hyperref Info: Hyper index ON on input line 4527.
Package hyperref Info: Plain pages OFF on input line 4534.
Package hyperref Info: Backreferencing OFF on input line 4539.
Package hyperref Info: Implicit mode ON; LaTeX internals redefined.
Package hyperref Info: Bookmarks ON on input line 4772.
\c@Hy@tempcnt=\count295
LaTeX Info: Redefining \url on input line 5125.
\XeTeXLinkMargin=\dimen193
\Fld@menulength=\count296
\Field@Width=\dimen194
\Fld@charsize=\dimen195
Package hyperref Info: Hyper figures OFF on input line 6380.
Package hyperref Info: Link nesting OFF on input line 6385.
Package hyperref Info: Hyper index ON on input line 6388.
Package hyperref Info: backreferencing OFF on input line 6395.
Package hyperref Info: Link coloring OFF on input line 6400.
Package hyperref Info: Link coloring with OCG OFF on input line 6405.
Package hyperref Info: PDF/A mode OFF on input line 6410.
LaTeX Info: Redefining \ref on input line 6450.
LaTeX Info: Redefining \pageref on input line 6454.
\Hy@abspage=\count297
\c@Item=\count298
\c@Hfootnote=\count299
)
Package hyperref Info: Driver (autodetected): hpdftex.
 ("C:\Users\MartinR\AppData\Local\Programs\MiKTeX 2.9\tex/latex/hyperref\hpdftex.def"
File: hpdftex.def 2018/11/30 v6.88e Hyperref driver for pdfTeX
\Fld@listcount=\count300
\c@bookmark@seq@number=\count301
 ("C:\Users\MartinR\AppData\Local\Programs\MiKTeX 2.9\tex/latex/oberdiek\rerunfilecheck.sty"
Package: rerunfilecheck 2016/05/16 v1.8 Rerun checks for auxiliary files (HO)
Package uniquecounter Info: New unique counter `rerunfilecheck' on input line 282.
)
\Hy@SectionHShift=\skip73
) ("C:\Users\MartinR\AppData\Local\Programs\MiKTeX 2.9\tex/latex/tcolorbox\tcolorbox.sty"
Package: tcolorbox 2019/03/02 version 4.20 text color boxes
 ("C:\Users\MartinR\AppData\Local\Programs\MiKTeX 2.9\tex/latex/pgf/basiclayer\pgf.sty" ("C:\Users\MartinR\AppData\Local\Programs\MiKTeX 2.9\tex/latex/pgf/utilities\pgfrcs.sty" ("C:\Users\MartinR\AppData\Local\Programs\MiKTeX 2.9\tex/generic/pgf/utilities\pgfutil-common.tex"
\pgfutil@everybye=\toks38
\pgfutil@tempdima=\dimen196
\pgfutil@tempdimb=\dimen197
 ("C:\Users\MartinR\AppData\Local\Programs\MiKTeX 2.9\tex/generic/pgf/utilities\pgfutil-common-lists.tex")) ("C:\Users\MartinR\AppData\Local\Programs\MiKTeX 2.9\tex/generic/pgf/utilities\pgfutil-latex.def"
\pgfutil@abb=\box80
 ("C:\Users\MartinR\AppData\Local\Programs\MiKTeX 2.9\tex/latex/ms\everyshi.sty"
Package: everyshi 2001/05/15 v3.00 EveryShipout Package (MS)
)) ("C:\Users\MartinR\AppData\Local\Programs\MiKTeX 2.9\tex/generic/pgf/utilities\pgfrcs.code.tex" ("C:\Users\MartinR\AppData\Local\Programs\MiKTeX 2.9\tex/generic/pgf\pgf.revision.tex")
Package: pgfrcs 2019/04/04 v3.1.2 (3.1.2)
))
Package: pgf 2019/04/04 v3.1.2 (3.1.2)
 ("C:\Users\MartinR\AppData\Local\Programs\MiKTeX 2.9\tex/latex/pgf/basiclayer\pgfcore.sty" ("C:\Users\MartinR\AppData\Local\Programs\MiKTeX 2.9\tex/latex/pgf/systemlayer\pgfsys.sty" ("C:\Users\MartinR\AppData\Local\Programs\MiKTeX 2.9\tex/generic/pgf/systemlayer\pgfsys.code.tex"
Package: pgfsys 2019/04/04 v3.1.2 (3.1.2)
 ("C:\Users\MartinR\AppData\Local\Programs\MiKTeX 2.9\tex/generic/pgf/utilities\pgfkeys.code.tex"
\pgfkeys@pathtoks=\toks39
\pgfkeys@temptoks=\toks40
 ("C:\Users\MartinR\AppData\Local\Programs\MiKTeX 2.9\tex/generic/pgf/utilities\pgfkeysfiltered.code.tex"
\pgfkeys@tmptoks=\toks41
))
\pgf@x=\dimen198
\pgf@y=\dimen199
\pgf@xa=\dimen256
\pgf@ya=\dimen257
\pgf@xb=\dimen258
\pgf@yb=\dimen259
\pgf@xc=\dimen260
\pgf@yc=\dimen261
\w@pgf@writea=\write3
\r@pgf@reada=\read2
\c@pgf@counta=\count302
\c@pgf@countb=\count303
\c@pgf@countc=\count304
\c@pgf@countd=\count305
\t@pgf@toka=\toks42
\t@pgf@tokb=\toks43
\t@pgf@tokc=\toks44
\pgf@sys@id@count=\count306
 ("C:\Users\MartinR\AppData\Local\Programs\MiKTeX 2.9\tex/generic/pgf/systemlayer\pgf.cfg"
File: pgf.cfg 2019/04/04 v3.1.2 (3.1.2)
)
Driver file for pgf: pgfsys-pdftex.def
 ("C:\Users\MartinR\AppData\Local\Programs\MiKTeX 2.9\tex/generic/pgf/systemlayer\pgfsys-pdftex.def"
File: pgfsys-pdftex.def 2019/04/04 v3.1.2 (3.1.2)
 ("C:\Users\MartinR\AppData\Local\Programs\MiKTeX 2.9\tex/generic/pgf/systemlayer\pgfsys-common-pdf.def"
File: pgfsys-common-pdf.def 2019/04/04 v3.1.2 (3.1.2)
))) ("C:\Users\MartinR\AppData\Local\Programs\MiKTeX 2.9\tex/generic/pgf/systemlayer\pgfsyssoftpath.code.tex"
File: pgfsyssoftpath.code.tex 2019/04/04 v3.1.2 (3.1.2)
\pgfsyssoftpath@smallbuffer@items=\count307
\pgfsyssoftpath@bigbuffer@items=\count308
) ("C:\Users\MartinR\AppData\Local\Programs\MiKTeX 2.9\tex/generic/pgf/systemlayer\pgfsysprotocol.code.tex"
File: pgfsysprotocol.code.tex 2019/04/04 v3.1.2 (3.1.2)
)) ("C:\Users\MartinR\AppData\Local\Programs\MiKTeX 2.9\tex/generic/pgf/basiclayer\pgfcore.code.tex"
Package: pgfcore 2019/04/04 v3.1.2 (3.1.2)
 ("C:\Users\MartinR\AppData\Local\Programs\MiKTeX 2.9\tex/generic/pgf/math\pgfmath.code.tex" ("C:\Users\MartinR\AppData\Local\Programs\MiKTeX 2.9\tex/generic/pgf/math\pgfmathcalc.code.tex" ("C:\Users\MartinR\AppData\Local\Programs\MiKTeX 2.9\tex/generic/pgf/math\pgfmathutil.code.tex") ("C:\Users\MartinR\AppData\Local\Programs\MiKTeX 2.9\tex/generic/pgf/math\pgfmathparser.code.tex"
\pgfmath@dimen=\dimen262
\pgfmath@count=\count309
\pgfmath@box=\box81
\pgfmath@toks=\toks45
\pgfmath@stack@operand=\toks46
\pgfmath@stack@operation=\toks47
) ("C:\Users\MartinR\AppData\Local\Programs\MiKTeX 2.9\tex/generic/pgf/math\pgfmathfunctions.code.tex" ("C:\Users\MartinR\AppData\Local\Programs\MiKTeX 2.9\tex/generic/pgf/math\pgfmathfunctions.basic.code.tex") ("C:\Users\MartinR\AppData\Local\Programs\MiKTeX 2.9\tex/generic/pgf/math\pgfmathfunctions.trigonometric.code.tex") ("C:\Users\MartinR\AppData\Local\Programs\MiKTeX 2.9\tex/generic/pgf/math\pgfmathfunctions.random.code.tex") ("C:\Users\MartinR\AppData\Local\Programs\MiKTeX 2.9\tex/generic/pgf/math\pgfmathfunctions.comparison.code.tex") ("C:\Users\MartinR\AppData\Local\Programs\MiKTeX 2.9\tex/generic/pgf/math\pgfmathfunctions.base.code.tex") ("C:\Users\MartinR\AppData\Local\Programs\MiKTeX 2.9\tex/generic/pgf/math\pgfmathfunctions.round.code.tex") ("C:\Users\MartinR\AppData\Local\Programs\MiKTeX 2.9\tex/generic/pgf/math\pgfmathfunctions.misc.code.tex") ("C:\Users\MartinR\AppData\Local\Programs\MiKTeX 2.9\tex/generic/pgf/math\pgfmathfunctions.integerarithmetics.code.tex"))) ("C:\Users\MartinR\AppData\Local\Programs\MiKTeX 2.9\tex/generic/pgf/math\pgfmathfloat.code.tex"
\c@pgfmathroundto@lastzeros=\count310
)) ("C:\Users\MartinR\AppData\Local\Programs\MiKTeX 2.9\tex/generic/pgf/basiclayer\pgfcorepoints.code.tex"
File: pgfcorepoints.code.tex 2019/04/04 v3.1.2 (3.1.2)
\pgf@picminx=\dimen263
\pgf@picmaxx=\dimen264
\pgf@picminy=\dimen265
\pgf@picmaxy=\dimen266
\pgf@pathminx=\dimen267
\pgf@pathmaxx=\dimen268
\pgf@pathminy=\dimen269
\pgf@pathmaxy=\dimen270
\pgf@xx=\dimen271
\pgf@xy=\dimen272
\pgf@yx=\dimen273
\pgf@yy=\dimen274
\pgf@zx=\dimen275
\pgf@zy=\dimen276
LaTeX Font Info:    Try loading font information for T1+qbk on input line 926.
 ("C:\Users\MartinR\AppData\Local\Programs\MiKTeX 2.9\tex/latex/tex-gyre\t1qbk.fd"
File: t1qbk.fd 2009/09/25 v1.2 font definition file for T1/qbk
)) ("C:\Users\MartinR\AppData\Local\Programs\MiKTeX 2.9\tex/generic/pgf/basiclayer\pgfcorepathconstruct.code.tex"
File: pgfcorepathconstruct.code.tex 2019/04/04 v3.1.2 (3.1.2)
\pgf@path@lastx=\dimen277
\pgf@path@lasty=\dimen278
) ("C:\Users\MartinR\AppData\Local\Programs\MiKTeX 2.9\tex/generic/pgf/basiclayer\pgfcorepathusage.code.tex"
File: pgfcorepathusage.code.tex 2019/04/04 v3.1.2 (3.1.2)
\pgf@shorten@end@additional=\dimen279
\pgf@shorten@start@additional=\dimen280
) ("C:\Users\MartinR\AppData\Local\Programs\MiKTeX 2.9\tex/generic/pgf/basiclayer\pgfcorescopes.code.tex"
File: pgfcorescopes.code.tex 2019/04/04 v3.1.2 (3.1.2)
\pgfpic=\box82
\pgf@hbox=\box83
\pgf@layerbox@main=\box84
\pgf@picture@serial@count=\count311
)
("C:\Users\MartinR\AppData\Local\Programs\MiKTeX 2.9\tex/generic/pgf/basiclayer\pgfcoregraphicstate.code.tex"
File: pgfcoregraphicstate.code.tex 2019/04/04 v3.1.2 (3.1.2)
\pgflinewidth=\dimen281
) ("C:\Users\MartinR\AppData\Local\Programs\MiKTeX 2.9\tex/generic/pgf/basiclayer\pgfcoretransformations.code.tex"
File: pgfcoretransformations.code.tex 2019/04/04 v3.1.2 (3.1.2)
\pgf@pt@x=\dimen282
\pgf@pt@y=\dimen283
\pgf@pt@temp=\dimen284
) ("C:\Users\MartinR\AppData\Local\Programs\MiKTeX 2.9\tex/generic/pgf/basiclayer\pgfcorequick.code.tex"
File: pgfcorequick.code.tex 2019/04/04 v3.1.2 (3.1.2)
) ("C:\Users\MartinR\AppData\Local\Programs\MiKTeX 2.9\tex/generic/pgf/basiclayer\pgfcoreobjects.code.tex"
File: pgfcoreobjects.code.tex 2019/04/04 v3.1.2 (3.1.2)
) ("C:\Users\MartinR\AppData\Local\Programs\MiKTeX 2.9\tex/generic/pgf/basiclayer\pgfcorepathprocessing.code.tex"
File: pgfcorepathprocessing.code.tex 2019/04/04 v3.1.2 (3.1.2)
) ("C:\Users\MartinR\AppData\Local\Programs\MiKTeX 2.9\tex/generic/pgf/basiclayer\pgfcorearrows.code.tex"
File: pgfcorearrows.code.tex 2019/04/04 v3.1.2 (3.1.2)
\pgfarrowsep=\dimen285
) ("C:\Users\MartinR\AppData\Local\Programs\MiKTeX 2.9\tex/generic/pgf/basiclayer\pgfcoreshade.code.tex"
File: pgfcoreshade.code.tex 2019/04/04 v3.1.2 (3.1.2)
\pgf@max=\dimen286
\pgf@sys@shading@range@num=\count312
\pgf@shadingcount=\count313
) ("C:\Users\MartinR\AppData\Local\Programs\MiKTeX 2.9\tex/generic/pgf/basiclayer\pgfcoreimage.code.tex"
File: pgfcoreimage.code.tex 2019/04/04 v3.1.2 (3.1.2)
 ("C:\Users\MartinR\AppData\Local\Programs\MiKTeX 2.9\tex/generic/pgf/basiclayer\pgfcoreexternal.code.tex"
File: pgfcoreexternal.code.tex 2019/04/04 v3.1.2 (3.1.2)
\pgfexternal@startupbox=\box85
)) ("C:\Users\MartinR\AppData\Local\Programs\MiKTeX 2.9\tex/generic/pgf/basiclayer\pgfcorelayers.code.tex"
File: pgfcorelayers.code.tex 2019/04/04 v3.1.2 (3.1.2)
) ("C:\Users\MartinR\AppData\Local\Programs\MiKTeX 2.9\tex/generic/pgf/basiclayer\pgfcoretransparency.code.tex"
File: pgfcoretransparency.code.tex 2019/04/04 v3.1.2 (3.1.2)
) ("C:\Users\MartinR\AppData\Local\Programs\MiKTeX 2.9\tex/generic/pgf/basiclayer\pgfcorepatterns.code.tex"
File: pgfcorepatterns.code.tex 2019/04/04 v3.1.2 (3.1.2)
) ("C:\Users\MartinR\AppData\Local\Programs\MiKTeX 2.9\tex/generic/pgf/basiclayer\pgfcorerdf.code.tex"
File: pgfcorerdf.code.tex 2019/04/04 v3.1.2 (3.1.2)
))) ("C:\Users\MartinR\AppData\Local\Programs\MiKTeX 2.9\tex/generic/pgf/modules\pgfmoduleshapes.code.tex"
File: pgfmoduleshapes.code.tex 2019/04/04 v3.1.2 (3.1.2)
\pgfnodeparttextbox=\box86
) ("C:\Users\MartinR\AppData\Local\Programs\MiKTeX 2.9\tex/generic/pgf/modules\pgfmoduleplot.code.tex"
File: pgfmoduleplot.code.tex 2019/04/04 v3.1.2 (3.1.2)
) ("C:\Users\MartinR\AppData\Local\Programs\MiKTeX 2.9\tex/latex/pgf/compatibility\pgfcomp-version-0-65.sty"
Package: pgfcomp-version-0-65 2019/04/04 v3.1.2 (3.1.2)
\pgf@nodesepstart=\dimen287
\pgf@nodesepend=\dimen288
) ("C:\Users\MartinR\AppData\Local\Programs\MiKTeX 2.9\tex/latex/pgf/compatibility\pgfcomp-version-1-18.sty"
Package: pgfcomp-version-1-18 2019/04/04 v3.1.2 (3.1.2)
)) ("C:\Users\MartinR\AppData\Local\Programs\MiKTeX 2.9\tex/latex/tools\verbatim.sty"
Package: verbatim 2014/10/28 v1.5q LaTeX2e package for verbatim enhancements
\every@verbatim=\toks48
\verbatim@line=\toks49
\verbatim@in@stream=\read3
) ("C:\Users\MartinR\AppData\Local\Programs\MiKTeX 2.9\tex/latex/environ\environ.sty"
Package: environ 2014/05/04 v0.3 A new way to define environments
 ("C:\Users\MartinR\AppData\Local\Programs\MiKTeX 2.9\tex/latex/trimspaces\trimspaces.sty"
Package: trimspaces 2009/09/17 v1.1 Trim spaces around a token list
)) ("C:\Users\MartinR\AppData\Local\Programs\MiKTeX 2.9\tex/latex/etoolbox\etoolbox.sty"
Package: etoolbox 2018/08/19 v2.5f e-TeX tools for LaTeX (JAW)
\etb@tempcnta=\count314
)
\tcb@titlebox=\box87
\tcb@upperbox=\box88
\tcb@lowerbox=\box89
\tcb@phantombox=\box90
\c@tcbbreakpart=\count315
\c@tcblayer=\count316
\tcolorbox@number=\count317
\tcb@temp=\box91
\tcb@temp=\box92
\tcb@temp=\box93
\tcb@temp=\box94
\tcb@out=\write4
\tcb@record@out=\write5
 ("C:\Users\MartinR\AppData\Local\Programs\MiKTeX 2.9\tex/latex/tcolorbox\tcbraster.code.tex"
Library (tcolorbox): 'tcbraster.code.tex' version '4.20'
\c@tcbrastercolumn=\count318
\c@tcbrasterrow=\count319
\c@tcbraster=\count320
) ("C:\Users\MartinR\AppData\Local\Programs\MiKTeX 2.9\tex/latex/tcolorbox\tcbskins.code.tex"
Library (tcolorbox): 'tcbskins.code.tex' version '4.20'
("C:\Users\MartinR\AppData\Local\Programs\MiKTeX 2.9\tex/latex/pgf/frontendlayer\tikz.sty" ("C:\Users\MartinR\AppData\Local\Programs\MiKTeX 2.9\tex/latex/pgf/utilities\pgffor.sty" ("C:\Users\MartinR\AppData\Local\Programs\MiKTeX 2.9\tex/latex/pgf/utilities\pgfkeys.sty" ("C:\Users\MartinR\AppData\Local\Programs\MiKTeX 2.9\tex/generic/pgf/utilities\pgfkeys.code.tex")) ("C:\Users\MartinR\AppData\Local\Programs\MiKTeX 2.9\tex/latex/pgf/math\pgfmath.sty" ("C:\Users\MartinR\AppData\Local\Programs\MiKTeX 2.9\tex/generic/pgf/math\pgfmath.code.tex")) ("C:\Users\MartinR\AppData\Local\Programs\MiKTeX 2.9\tex/generic/pgf/utilities\pgffor.code.tex"
Package: pgffor 2019/04/04 v3.1.2 (3.1.2)
 ("C:\Users\MartinR\AppData\Local\Programs\MiKTeX 2.9\tex/generic/pgf/math\pgfmath.code.tex")
\pgffor@iter=\dimen289
\pgffor@skip=\dimen290
\pgffor@stack=\toks50
\pgffor@toks=\toks51
)) ("C:\Users\MartinR\AppData\Local\Programs\MiKTeX 2.9\tex/generic/pgf/frontendlayer/tikz\tikz.code.tex"
Package: tikz 2019/04/04 v3.1.2 (3.1.2)
 ("C:\Users\MartinR\AppData\Local\Programs\MiKTeX 2.9\tex/generic/pgf/libraries\pgflibraryplothandlers.code.tex"
File: pgflibraryplothandlers.code.tex 2019/04/04 v3.1.2 (3.1.2)
\pgf@plot@mark@count=\count321
\pgfplotmarksize=\dimen291
)
\tikz@lastx=\dimen292
\tikz@lasty=\dimen293
\tikz@lastxsaved=\dimen294
\tikz@lastysaved=\dimen295
\tikzleveldistance=\dimen296
\tikzsiblingdistance=\dimen297
\tikz@figbox=\box95
\tikz@figbox@bg=\box96
\tikz@tempbox=\box97
\tikz@tempbox@bg=\box98
\tikztreelevel=\count322
\tikznumberofchildren=\count323
\tikznumberofcurrentchild=\count324
\tikz@fig@count=\count325
 ("C:\Users\MartinR\AppData\Local\Programs\MiKTeX 2.9\tex/generic/pgf/modules\pgfmodulematrix.code.tex"
File: pgfmodulematrix.code.tex 2019/04/04 v3.1.2 (3.1.2)
\pgfmatrixcurrentrow=\count326
\pgfmatrixcurrentcolumn=\count327
\pgf@matrix@numberofcolumns=\count328
)
\tikz@expandcount=\count329
 ("C:\Users\MartinR\AppData\Local\Programs\MiKTeX 2.9\tex/generic/pgf/frontendlayer/tikz/libraries\tikzlibrarytopaths.code.tex"
File: tikzlibrarytopaths.code.tex 2019/04/04 v3.1.2 (3.1.2)
)))
\tcb@waterbox=\box99
 ("C:\Users\MartinR\AppData\Local\Programs\MiKTeX 2.9\tex/latex/tcolorbox\tcbskinsjigsaw.code.tex"
Library (tcolorbox): 'tcbskinsjigsaw.code.tex' version '4.20'
)) ("C:\Users\MartinR\AppData\Local\Programs\MiKTeX 2.9\tex/latex/tcolorbox\tcbbreakable.code.tex"
Library (tcolorbox): 'tcbbreakable.code.tex' version '4.20'
\tcb@testbox=\box100
\tcb@totalupperbox=\box101
\tcb@totallowerbox=\box102
) ("C:\Users\MartinR\AppData\Local\Programs\MiKTeX 2.9\tex/latex/tcolorbox\tcbhooks.code.tex"
Library (tcolorbox): 'tcbhooks.code.tex' version '4.20'
) ("C:\Users\MartinR\AppData\Local\Programs\MiKTeX 2.9\tex/latex/tcolorbox\tcbtheorems.code.tex"
Library (tcolorbox): 'tcbtheorems.code.tex' version '4.20'
) ("C:\Users\MartinR\AppData\Local\Programs\MiKTeX 2.9\tex/latex/tcolorbox\tcbfitting.code.tex"
Library (tcolorbox): 'tcbfitting.code.tex' version '4.20'
\tcbfitdim=\dimen298
\tcb@lowerfitdim=\dimen299
\tcb@upperfitdim=\dimen300
\tcb@cur@hbadness=\count330
) ("C:\Users\MartinR\AppData\Local\Programs\MiKTeX 2.9\tex/latex/tcolorbox\tcbxparse.code.tex"
Library (tcolorbox): 'tcbxparse.code.tex' version '4.20'
) ("C:\Users\MartinR\AppData\Local\Programs\MiKTeX 2.9\tex/latex/tcolorbox\tcblistingsutf8.code.tex"
Library (tcolorbox): 'tcblistingsutf8.code.tex' version '4.20'
("C:\Users\MartinR\AppData\Local\Programs\MiKTeX 2.9\tex/latex/oberdiek\listingsutf8.sty"
Package: listingsutf8 2016/05/16 v1.3 Allow UTF-8 in listings input (HO)
 ("C:\Users\MartinR\AppData\Local\Programs\MiKTeX 2.9\tex/generic/oberdiek\stringenc.sty"
Package: stringenc 2016/05/16 v1.11 Convert strings between diff. encodings (HO)
)) ("C:\Users\MartinR\AppData\Local\Programs\MiKTeX 2.9\tex/latex/tcolorbox\tcblistings.code.tex"
Library (tcolorbox): 'tcblistings.code.tex' version '4.20'
("C:\Users\MartinR\AppData\Local\Programs\MiKTeX 2.9\tex/latex/tcolorbox\tcblistingscore.code.tex"
Library (tcolorbox): 'tcblistingscore.code.tex' version '4.20'
("C:\Users\MartinR\AppData\Local\Programs\MiKTeX 2.9\tex/latex/tcolorbox\tcbprocessing.code.tex"
Library (tcolorbox): 'tcbprocessing.code.tex' version '4.20'
("C:\Users\MartinR\AppData\Local\Programs\MiKTeX 2.9\tex/latex/tools\shellesc.sty"
Package: shellesc 2016/06/07 v0.02a unified shell escape interface for LaTeX
Package shellesc Info: Restricted shell escape enabled on input line 69.
))
\c@tcblisting=\count331
))) ("C:\Users\MartinR\AppData\Local\Programs\MiKTeX 2.9\tex/latex/tcolorbox\tcbexternal.code.tex"
Library (tcolorbox): 'tcbexternal.code.tex' version '4.20'
) ("C:\Users\MartinR\AppData\Local\Programs\MiKTeX 2.9\tex/latex/tcolorbox\tcbmagazine.code.tex"
Library (tcolorbox): 'tcbmagazine.code.tex' version '4.20'
) ("C:\Users\MartinR\AppData\Local\Programs\MiKTeX 2.9\tex/latex/tcolorbox\tcbvignette.code.tex"
Library (tcolorbox): 'tcbvignette.code.tex' version '4.20'
("C:\Users\MartinR\AppData\Local\Programs\MiKTeX 2.9\tex/generic/pgf/frontendlayer/tikz/libraries\tikzlibraryfadings.code.tex"
File: tikzlibraryfadings.code.tex 2019/04/04 v3.1.2 (3.1.2)
 ("C:\Users\MartinR\AppData\Local\Programs\MiKTeX 2.9\tex/generic/pgf/libraries\pgflibraryfadings.code.tex"
File: pgflibraryfadings.code.tex 2019/04/04 v3.1.2 (3.1.2)
))) ("C:\Users\MartinR\AppData\Local\Programs\MiKTeX 2.9\tex/latex/tcolorbox\tcbposter.code.tex"
Library (tcolorbox): 'tcbposter.code.tex' version '4.20'
)) ("C:\Users\MartinR\AppData\Local\Programs\MiKTeX 2.9\tex/latex/mathtools\mathtools.sty"
Package: mathtools 2018/01/08 v1.21 mathematical typesetting tools
 ("C:\Users\MartinR\AppData\Local\Programs\MiKTeX 2.9\tex/latex/tools\calc.sty"
Package: calc 2017/05/25 v4.3 Infix arithmetic (KKT,FJ)
\calc@Acount=\count332
\calc@Bcount=\count333
\calc@Adimen=\dimen301
\calc@Bdimen=\dimen302
\calc@Askip=\skip74
\calc@Bskip=\skip75
LaTeX Info: Redefining \setlength on input line 80.
LaTeX Info: Redefining \addtolength on input line 81.
\calc@Ccount=\count334
\calc@Cskip=\skip76
) ("C:\Users\MartinR\AppData\Local\Programs\MiKTeX 2.9\tex/latex/mathtools\mhsetup.sty"
Package: mhsetup 2017/03/31 v1.3 programming setup (MH)
)
LaTeX Info: Thecontrolsequence`\('isalreadyrobust on input line 129.
LaTeX Info: Thecontrolsequence`\)'isalreadyrobust on input line 129.
LaTeX Info: Thecontrolsequence`\['isalreadyrobust on input line 129.
LaTeX Info: Thecontrolsequence`\]'isalreadyrobust on input line 129.
\g_MT_multlinerow_int=\count335
\l_MT_multwidth_dim=\dimen303
\origjot=\skip77
\l_MT_shortvdotswithinadjustabove_dim=\dimen304
\l_MT_shortvdotswithinadjustbelow_dim=\dimen305
\l_MT_above_intertext_sep=\dimen306
\l_MT_below_intertext_sep=\dimen307
\l_MT_above_shortintertext_sep=\dimen308
\l_MT_below_shortintertext_sep=\dimen309
) ("C:\Users\MartinR\AppData\Local\Programs\MiKTeX 2.9\tex/latex/caption\totalcount.sty"
Package: totalcount 2018/01/21 v1.0a Total values of counters (AR)
\c@totalcount@page=\count336
) ("C:\Users\MartinR\AppData\Local\Programs\MiKTeX 2.9\tex/latex/beton\beton.sty"
Package: beton 1995/03/05 v1.3

Package: `beton' v1.3 <1995/03/05> (FJ)
LaTeX Info: Redefining \oldstylenums on input line 56.
) ("C:\Users\MartinR\AppData\Local\Programs\MiKTeX 2.9\tex/latex/psnfss\helvet.sty"
Package: helvet 2005/04/12 PSNFSS-v9.2a (WaS) 
) ("C:\Users\MartinR\AppData\Local\Programs\MiKTeX 2.9\tex/latex/listings\lstlang1.sty"
File: lstlang1.sty 2019/02/27 1.8b listings language file
)
\main@idxfile=\write6
\openout6 = `main.idx'.


Writing index file main.idx
) ("C:\Users\MartinR\AppData\Local\Programs\MiKTeX 2.9\tex/latex/was\gensymb.sty"
Package: gensymb 2003/07/02 v1.0 (WaS)
)

LaTeX Warning: Unused global option(s):
    [8pt].

(c:/Users\MartinR\Documents\GitHub\UniversityPhysics\Latex\Oppgavemal_new_english\main.aux)
\openout1 = `main.aux'.

LaTeX Font Info:    Checking defaults for OML/cmm/m/it on input line 6.
LaTeX Font Info:    ... okay on input line 6.
LaTeX Font Info:    Checking defaults for T1/cmr/m/n on input line 6.
LaTeX Font Info:    ... okay on input line 6.
LaTeX Font Info:    Checking defaults for OT1/cmr/m/n on input line 6.
LaTeX Font Info:    ... okay on input line 6.
LaTeX Font Info:    Checking defaults for OMS/cmsy/m/n on input line 6.
LaTeX Font Info:    ... okay on input line 6.
LaTeX Font Info:    Checking defaults for OMX/cmex/m/n on input line 6.
LaTeX Font Info:    ... okay on input line 6.
LaTeX Font Info:    Checking defaults for U/cmr/m/n on input line 6.
LaTeX Font Info:    ... okay on input line 6.
LaTeX Font Info:    Checking defaults for PD1/pdf/m/n on input line 6.
LaTeX Font Info:    ... okay on input line 6.
LaTeX Font Info:    Try loading font information for T1+ccr on input line 6.
 ("C:\Users\MartinR\AppData\Local\Programs\MiKTeX 2.9\tex/latex/ccfonts\t1ccr.fd"
File: t1ccr.fd 1999/11/22 v1.0a (WaS)
) ("C:\Users\MartinR\AppData\Local\Programs\MiKTeX 2.9\tex/context/base/mkii\supp-pdf.mkii"
[Loading MPS to PDF converter (version 2006.09.02).]
\scratchcounter=\count337
\scratchdimen=\dimen310
\scratchbox=\box103
\nofMPsegments=\count338
\nofMParguments=\count339
\everyMPshowfont=\toks52
\MPscratchCnt=\count340
\MPscratchDim=\dimen311
\MPnumerator=\count341
\makeMPintoPDFobject=\count342
\everyMPtoPDFconversion=\toks53
) ("C:\Users\MartinR\AppData\Local\Programs\MiKTeX 2.9\tex/latex/oberdiek\epstopdf-base.sty"
Package: epstopdf-base 2016/05/15 v2.6 Base part for package epstopdf
 ("C:\Users\MartinR\AppData\Local\Programs\MiKTeX 2.9\tex/latex/oberdiek\grfext.sty"
Package: grfext 2016/05/16 v1.2 Manage graphics extensions (HO)
)
Package epstopdf-base Info: Redefining graphics rule for `.eps' on input line 438.
Package grfext Info: Graphics extension search list:
(grfext)             [.pdf,.png,.jpg,.mps,.jpeg,.jbig2,.jb2,.PDF,.PNG,.JPG,.JPEG,.JBIG2,.JB2,.eps]
(grfext)             \AppendGraphicsExtensions on input line 456.
)
\c@lstlisting=\count343

*geometry* driver: auto-detecting
*geometry* detected driver: pdftex
*geometry* verbose mode - [ preamble ] result:
* driver: pdftex
* paper: a4paper
* layout: <same size as paper>
* layoutoffset:(h,v)=(0.0pt,0.0pt)
* modes: 
* h-part:(L,W,R)=(89.62709pt, 418.25368pt, 89.6271pt)
* v-part:(T,H,B)=(101.40665pt, 591.5302pt, 152.11pt)
* \paperwidth=597.50787pt
* \paperheight=845.04684pt
* \textwidth=452.9679pt
* \textheight=633.50687pt
* \oddsidemargin=0.0pt
* \evensidemargin=0.0pt
* \topmargin=0.0pt
* \headheight=12.0pt
* \headsep=25.0pt
* \topskip=10.0pt
* \footskip=30.0pt
* \marginparwidth=65.0pt
* \marginparsep=11.0pt
* \columnsep=10.0pt
* \skip\footins=9.0pt plus 4.0pt minus 2.0pt
* \hoffset=0.0pt
* \voffset=0.0pt
* \mag=1000
* \@twocolumnfalse
* \@twosidefalse
* \@mparswitchfalse
* \@reversemarginfalse
* (1in=72.27pt=25.4mm, 1cm=28.453pt)

Package lastpage Info: Please have a look at the pageslts package at
(lastpage)             https://www.ctan.org/pkg/pageslts
(lastpage)             ! on input line 6.
Package caption Info: Begin \AtBeginDocument code.
Package caption Info: hyperref package is loaded.
Package caption Info: End \AtBeginDocument code.
LaTeX Info: Redefining \microtypecontext on input line 6.
Package microtype Info: Generating PDF output.
Package microtype Info: Character protrusion enabled (level 2).
Package microtype Info: Using default protrusion set `alltext'.
Package microtype Info: Automatic font expansion enabled (level 2),
(microtype)             stretch: 20, shrink: 20, step: 1, non-selected.
Package microtype Info: Using default expansion set `basictext'.
Package microtype Info: No adjustment of tracking.
Package microtype Info: No adjustment of interword spacing.
Package microtype Info: No adjustment of character kerning.
Package microtype Info: Loading generic protrusion settings for font family
(microtype)             `ccr' (encoding: T1).
(microtype)             For optimal results, create family-specific settings.
(microtype)             See the microtype manual for details.
\AtBeginShipoutBox=\box104
Package hyperref Info: Link coloring OFF on input line 6.
("C:\Users\MartinR\AppData\Local\Programs\MiKTeX 2.9\tex/latex/hyperref\nameref.sty"
Package: nameref 2016/05/21 v2.44 Cross-referencing by name of section
 ("C:\Users\MartinR\AppData\Local\Programs\MiKTeX 2.9\tex/generic/oberdiek\gettitlestring.sty"
Package: gettitlestring 2016/05/16 v1.5 Cleanup title references (HO)
)
\c@section@level=\count344
)
LaTeX Info: Redefining \ref on input line 6.
LaTeX Info: Redefining \pageref on input line 6.
LaTeX Info: Redefining \nameref on input line 6.
 (c:/Users\MartinR\Documents\GitHub\UniversityPhysics\Latex\Oppgavemal_new_english\main.out) (c:/Users\MartinR\Documents\GitHub\UniversityPhysics\Latex\Oppgavemal_new_english\main.out)
\@outlinefile=\write7
\openout7 = `main.out'.

 ABD: EveryShipout initializing macros
LaTeX Info: Redefining \celsius on input line 6.
Package gensymb Info: Faking symbols for \degree and \celsius on input line 6.


Package gensymb Warning: Not defining \perthousand.

LaTeX Info: Redefining \ohm on input line 6.
Package gensymb Info: Using \Omega for \ohm on input line 6.

Package gensymb Warning: Not defining \micro.

("C:\Users\MartinR\AppData\Local\Programs\MiKTeX 2.9\tex/latex/microtype\mt-cmr.cfg"
File: mt-cmr.cfg 2013/05/19 v2.2 microtype config. file: Computer Modern Roman (RS)
)
LaTeX Font Info:    Try loading font information for U+msa on input line 29.
 ("C:\Users\MartinR\AppData\Local\Programs\MiKTeX 2.9\tex/latex/amsfonts\umsa.fd"
File: umsa.fd 2013/01/14 v3.01 AMS symbols A
) ("C:\Users\MartinR\AppData\Local\Programs\MiKTeX 2.9\tex/latex/microtype\mt-msa.cfg"
File: mt-msa.cfg 2006/02/04 v1.1 microtype config. file: AMS symbols (a) (RS)
)
LaTeX Font Info:    Try loading font information for U+msb on input line 29.
 ("C:\Users\MartinR\AppData\Local\Programs\MiKTeX 2.9\tex/latex/amsfonts\umsb.fd"
File: umsb.fd 2013/01/14 v3.01 AMS symbols B
) ("C:\Users\MartinR\AppData\Local\Programs\MiKTeX 2.9\tex/latex/microtype\mt-msb.cfg"
File: mt-msb.cfg 2005/06/01 v1.0 microtype config. file: AMS symbols (b) (RS)
) [1




{C:/Users/MartinR/AppData/Local/MiKTeX/2.9/pdftex/config/pdftex.map}]

LaTeX Font Warning: Font shape `T1/ccr/b/n' undefined
(Font)              using `T1/ccr/m/n' instead on input line 37.

(c:/Users\MartinR\Documents\GitHub\UniversityPhysics\Latex\Oppgavemal_new_english\main.toc)
\tf@toc=\write8
\openout8 = `main.toc'.



Package Fancyhdr Warning: \headheight is too small (12.0pt): 
Make it at least 13.0pt.
We now make it that large for the rest of the document.
This may cause the page layout to be inconsistent, however.

[2] [3] (c:/Users\MartinR\Documents\GitHub\UniversityPhysics\Latex\Oppgavemal_new_english\main.bbl) 
AED: lastpage setting LastPage
[4]
Package atveryend Info: Empty hook `BeforeClearDocument' on input line 94.
Package atveryend Info: Empty hook `AfterLastShipout' on input line 94.
 (c:/Users\MartinR\Documents\GitHub\UniversityPhysics\Latex\Oppgavemal_new_english\main.aux)
Package atveryend Info: Executing hook `AtVeryEndDocument' on input line 94.
Package atveryend Info: Executing hook `AtEndAfterFileList' on input line 94.
Package rerunfilecheck Info: File `main.out' has not changed.
(rerunfilecheck)             Checksum: 9977B55127EF70E843DFD7F0C1CFE1C4;232.


LaTeX Font Warning: Some font shapes were not available, defaults substituted.

Package atveryend Info: Empty hook `AtVeryVeryEnd' on input line 94.
 )
(\end occurred inside a group at level 1)

### simple group (level 1) entered at line 10 ({)
### bottom level 
Here is how much of TeX's memory you used:
 37296 strings out of 492902
 744252 string characters out of 3122872
 1124289 words of memory out of 3000000
 40625 multiletter control sequences out of 15000+200000
 550460 words of font info for 66 fonts, out of 3000000 for 9000
 1141 hyphenation exceptions out of 8191
 67i,11n,103p,1045b,404s stack positions out of 5000i,500n,10000p,200000b,50000s
 <C:\Users\MartinR\AppData\Local\MiKTeX\2.9\fonts/pk/ljfour/jknappen/ec/dpi600\ecti1000.pk> <C:\Users\MartinR\AppData\Local\MiKTeX\2.9\fonts/pk/ljfour/public/ecc/dpi720\eorm10.pk> <C:\Users\MartinR\AppData\Local\MiKTeX\2.9\fonts/pk/ljfour/public/ecc/dpi864\eorm10.pk> <C:\Users\MartinR\AppData\Local\MiKTeX\2.9\fonts/pk/ljfour/public/ecc/dpi600\eorm10.pk> <C:\Users\MartinR\AppData\Local\MiKTeX\2.9\fonts/pk/ljfour/jknappen/ec/dpi600\ecrm1000.pk> <C:\Users\MartinR\AppData\Local\MiKTeX\2.9\fonts/pk/ljfour/jknappen/ec/dpi600\ecrm1200.pk> <C:\Users\MartinR\AppData\Local\MiKTeX\2.9\fonts/pk/ljfour/jknappen/ec/dpi600\ecrb1000.pk> <C:\Users\MartinR\AppData\Local\MiKTeX\2.9\fonts/pk/ljfour/jknappen/ec/dpi600\ecrb1728.pk><C:/Users/MartinR/AppData/Local/Programs/MiKTeX 2.9/fonts/type1/public/amsfonts/cm/cmex10.pfb><C:/Users/MartinR/AppData/Local/Programs/MiKTeX 2.9/fonts/type1/public/amsfonts/cm/cmmi10.pfb><C:/Users/MartinR/AppData/Local/Programs/MiKTeX 2.9/fonts/type1/public/amsfonts/cm/cmmi7.pfb><C:/Users/MartinR/AppData/Local/Programs/MiKTeX 2.9/fonts/type1/public/amsfonts/cm/cmr10.pfb><C:/Users/MartinR/AppData/Local/Programs/MiKTeX 2.9/fonts/type1/public/amsfonts/cm/cmr7.pfb>
Output written on c:/Users\MartinR\Documents\GitHub\UniversityPhysics\Latex\Oppgavemal_new_english\main.pdf (4 pages, 121452 bytes).
PDF statistics:
 328 PDF objects out of 1000 (max. 8388607)
 12 named destinations out of 1000 (max. 500000)
 11973 words of extra memory for PDF output out of 12000 (max. 10000000)

